This file contains any messages produced by compilers while
running configure, to aid debugging if configure makes a mistake.

It was created by Code2 configure 1.0, which was
generated by GNU Autoconf 2.71.  Invocation command line was

  $ ./configure --no-create --no-recursion

## --------- ##
## Platform. ##
## --------- ##

hostname = peter-VirtualBox
uname -m = x86_64
uname -r = 5.8.0-53-generic
uname -s = Linux
uname -v = #60~20.04.1-Ubuntu SMP Thu May 6 09:52:46 UTC 2021

/usr/bin/uname -p = x86_64
/bin/uname -X     = unknown

/bin/arch              = x86_64
/usr/bin/arch -k       = unknown
/usr/convex/getsysinfo = unknown
/usr/bin/hostinfo      = unknown
/bin/machine           = unknown
/usr/bin/oslevel       = unknown
/bin/universe          = unknown

PATH: /usr/local/sbin/
PATH: /usr/local/bin/
PATH: /usr/sbin/
PATH: /usr/bin/
PATH: /sbin/
PATH: /bin/
PATH: /usr/games/
PATH: /usr/local/games/
PATH: /snap/bin/


## ----------- ##
## Core tests. ##
## ----------- ##

configure:2165: looking for aux files: compile missing install-sh
configure:2178:  trying ./
configure:2207:   ./compile found
configure:2207:   ./missing found
configure:2189:   ./install-sh found
configure:2336: checking for a BSD-compatible install
configure:2409: result: /usr/bin/install -c
configure:2420: checking whether build environment is sane
configure:2475: result: yes
configure:2632: checking for a race-free mkdir -p
configure:2676: result: /usr/bin/mkdir -p
configure:2683: checking for gawk
configure:2718: result: no
configure:2683: checking for mawk
configure:2704: found /usr/bin/mawk
configure:2715: result: mawk
configure:2726: checking whether make sets $(MAKE)
configure:2749: result: yes
configure:2779: checking whether make supports nested variables
configure:2797: result: yes
configure:2984: checking for gcc
configure:3005: found /usr/bin/gcc
configure:3016: result: gcc
configure:3369: checking for C compiler version
configure:3378: gcc --version >&5
gcc (Ubuntu 9.3.0-17ubuntu1~20.04) 9.3.0
Copyright (C) 2019 Free Software Foundation, Inc.
This is free software; see the source for copying conditions.  There is NO
warranty; not even for MERCHANTABILITY or FITNESS FOR A PARTICULAR PURPOSE.

configure:3389: $? = 0
configure:3378: gcc -v >&5
Using built-in specs.
COLLECT_GCC=gcc
COLLECT_LTO_WRAPPER=/usr/lib/gcc/x86_64-linux-gnu/9/lto-wrapper
OFFLOAD_TARGET_NAMES=nvptx-none:hsa
OFFLOAD_TARGET_DEFAULT=1
Target: x86_64-linux-gnu
Configured with: ../src/configure -v --with-pkgversion='Ubuntu 9.3.0-17ubuntu1~20.04' --with-bugurl=file:///usr/share/doc/gcc-9/README.Bugs --enable-languages=c,ada,c++,go,brig,d,fortran,objc,obj-c++,gm2 --prefix=/usr --with-gcc-major-version-only --program-suffix=-9 --program-prefix=x86_64-linux-gnu- --enable-shared --enable-linker-build-id --libexecdir=/usr/lib --without-included-gettext --enable-threads=posix --libdir=/usr/lib --enable-nls --enable-clocale=gnu --enable-libstdcxx-debug --enable-libstdcxx-time=yes --with-default-libstdcxx-abi=new --enable-gnu-unique-object --disable-vtable-verify --enable-plugin --enable-default-pie --with-system-zlib --with-target-system-zlib=auto --enable-objc-gc=auto --enable-multiarch --disable-werror --with-arch-32=i686 --with-abi=m64 --with-multilib-list=m32,m64,mx32 --enable-multilib --with-tune=generic --enable-offload-targets=nvptx-none=/build/gcc-9-HskZEa/gcc-9-9.3.0/debian/tmp-nvptx/usr,hsa --without-cuda-driver --enable-checking=release --build=x86_64-linux-gnu --host=x86_64-linux-gnu --target=x86_64-linux-gnu
Thread model: posix
gcc version 9.3.0 (Ubuntu 9.3.0-17ubuntu1~20.04) 
configure:3389: $? = 0
configure:3378: gcc -V >&5
gcc: error: unrecognized command line option '-V'
gcc: fatal error: no input files
compilation terminated.
configure:3389: $? = 1
configure:3378: gcc -qversion >&5
gcc: error: unrecognized command line option '-qversion'; did you mean '--version'?
gcc: fatal error: no input files
compilation terminated.
configure:3389: $? = 1
configure:3378: gcc -version >&5
gcc: error: unrecognized command line option '-version'
gcc: fatal error: no input files
compilation terminated.
configure:3389: $? = 1
configure:3409: checking whether the C compiler works
configure:3431: gcc    conftest.c  >&5
configure:3435: $? = 0
configure:3485: result: yes
configure:3488: checking for C compiler default output file name
configure:3490: result: a.out
configure:3496: checking for suffix of executables
configure:3503: gcc -o conftest    conftest.c  >&5
configure:3507: $? = 0
configure:3530: result: 
configure:3552: checking whether we are cross compiling
configure:3560: gcc -o conftest    conftest.c  >&5
configure:3564: $? = 0
configure:3571: ./conftest
configure:3575: $? = 0
configure:3563: result: no
configure:3568: checking for suffix of object files
configure:3591: gcc -c   conftest.c >&5
configure:3595: $? = 0
configure:3617: result: o
configure:3621: checking whether the compiler supports GNU C
configure:3641: gcc -c   conftest.c >&5
configure:3641: $? = 0
configure:3651: result: yes
configure:3662: checking whether gcc accepts -g
configure:3683: gcc -c -g  conftest.c >&5
configure:3683: $? = 0
configure:3727: result: yes
configure:3747: checking for gcc option to enable C11 features
configure:3762: gcc  -c -g -O2  conftest.c >&5
configure:3762: $? = 0
configure:3780: result: none needed
configure:3896: checking whether gcc understands -c and -o together
configure:3919: gcc -c conftest.c -o conftest2.o
configure:3922: $? = 0
configure:3919: gcc -c conftest.c -o conftest2.o
configure:3922: $? = 0
configure:3934: result: yes
configure:3954: checking whether make supports the include directive
configure:3969: make -f confmf.GNU && cat confinc.out
make[1]: Entering directory '/home/peter/Desktop/WdSO/zad2/Rozszerzenie/Code2'
make[1]: Leaving directory '/home/peter/Desktop/WdSO/zad2/Rozszerzenie/Code2'
this is the am__doit target
configure:3972: $? = 0
configure:3991: result: yes (GNU style)
configure:4017: checking dependency style of gcc
configure:4129: result: gcc3
configure:4153: checking for stdio.h
configure:4153: gcc -c -g -O2  conftest.c >&5
configure:4153: $? = 0
configure:4153: result: yes
configure:4153: checking for stdlib.h
configure:4153: gcc -c -g -O2  conftest.c >&5
configure:4153: $? = 0
configure:4153: result: yes
configure:4153: checking for string.h
configure:4153: gcc -c -g -O2  conftest.c >&5
configure:4153: $? = 0
configure:4153: result: yes
configure:4153: checking for inttypes.h
configure:4153: gcc -c -g -O2  conftest.c >&5
configure:4153: $? = 0
configure:4153: result: yes
configure:4153: checking for stdint.h
configure:4153: gcc -c -g -O2  conftest.c >&5
configure:4153: $? = 0
configure:4153: result: yes
configure:4153: checking for strings.h
configure:4153: gcc -c -g -O2  conftest.c >&5
configure:4153: $? = 0
configure:4153: result: yes
configure:4153: checking for sys/stat.h
configure:4153: gcc -c -g -O2  conftest.c >&5
configure:4153: $? = 0
configure:4153: result: yes
configure:4153: checking for sys/types.h
configure:4153: gcc -c -g -O2  conftest.c >&5
configure:4153: $? = 0
configure:4153: result: yes
configure:4153: checking for unistd.h
configure:4153: gcc -c -g -O2  conftest.c >&5
configure:4153: $? = 0
configure:4153: result: yes
configure:4178: checking for stdlib.h
configure:4178: result: yes
configure:4329: checking that generated files are newer than configure
configure:4335: result: done
configure:4358: creating ./config.status

## ---------------- ##
## Cache variables. ##
## ---------------- ##

ac_cv_c_compiler_gnu=yes
ac_cv_env_CC_set=
ac_cv_env_CC_value=
ac_cv_env_CFLAGS_set=
ac_cv_env_CFLAGS_value=
ac_cv_env_CPPFLAGS_set=
ac_cv_env_CPPFLAGS_value=
ac_cv_env_LDFLAGS_set=
ac_cv_env_LDFLAGS_value=
ac_cv_env_LIBS_set=
ac_cv_env_LIBS_value=
ac_cv_env_build_alias_set=
ac_cv_env_build_alias_value=
ac_cv_env_host_alias_set=
ac_cv_env_host_alias_value=
ac_cv_env_target_alias_set=
ac_cv_env_target_alias_value=
ac_cv_header_inttypes_h=yes
ac_cv_header_stdint_h=yes
ac_cv_header_stdio_h=yes
ac_cv_header_stdlib_h=yes
ac_cv_header_string_h=yes
ac_cv_header_strings_h=yes
ac_cv_header_sys_stat_h=yes
ac_cv_header_sys_types_h=yes
ac_cv_header_unistd_h=yes
ac_cv_objext=o
ac_cv_path_install='/usr/bin/install -c'
ac_cv_path_mkdir=/usr/bin/mkdir
ac_cv_prog_AWK=mawk
ac_cv_prog_ac_ct_CC=gcc
ac_cv_prog_cc_c11=
ac_cv_prog_cc_g=yes
ac_cv_prog_cc_stdc=
ac_cv_prog_make_make_set=yes
am_cv_CC_dependencies_compiler_type=gcc3
am_cv_make_support_nested_variables=yes
am_cv_prog_cc_c_o=yes

## ----------------- ##
## Output variables. ##
## ----------------- ##

ACLOCAL='${SHELL} '\''/home/peter/Desktop/WdSO/zad2/Rozszerzenie/Code2/missing'\'' aclocal-1.16'
AMDEPBACKSLASH='\'
AMDEP_FALSE='#'
AMDEP_TRUE=''
AMTAR='$${TAR-tar}'
AM_BACKSLASH='\'
AM_DEFAULT_V='$(AM_DEFAULT_VERBOSITY)'
AM_DEFAULT_VERBOSITY='1'
AM_V='$(V)'
AUTOCONF='${SHELL} '\''/home/peter/Desktop/WdSO/zad2/Rozszerzenie/Code2/missing'\'' autoconf'
AUTOHEADER='${SHELL} '\''/home/peter/Desktop/WdSO/zad2/Rozszerzenie/Code2/missing'\'' autoheader'
AUTOMAKE='${SHELL} '\''/home/peter/Desktop/WdSO/zad2/Rozszerzenie/Code2/missing'\'' automake-1.16'
AWK='mawk'
CC='gcc'
CCDEPMODE='depmode=gcc3'
CFLAGS='-g -O2'
CPPFLAGS=''
CYGPATH_W='echo'
DEFS='-DPACKAGE_NAME=\"Code2\" -DPACKAGE_TARNAME=\"code2\" -DPACKAGE_VERSION=\"1.0\" -DPACKAGE_STRING=\"Code2\ 1.0\" -DPACKAGE_BUGREPORT=\"student@wso.org\" -DPACKAGE_URL=\"\" -DPACKAGE=\"code2\" -DVERSION=\"1.0\" -DHAVE_STDIO_H=1 -DHAVE_STDLIB_H=1 -DHAVE_STRING_H=1 -DHAVE_INTTYPES_H=1 -DHAVE_STDINT_H=1 -DHAVE_STRINGS_H=1 -DHAVE_SYS_STAT_H=1 -DHAVE_SYS_TYPES_H=1 -DHAVE_UNISTD_H=1 -DSTDC_HEADERS=1 -DHAVE_STDLIB_H=1'
DEPDIR='.deps'
ECHO_C=''
ECHO_N='-n'
ECHO_T=''
EXEEXT=''
INSTALL_DATA='${INSTALL} -m 644'
INSTALL_PROGRAM='${INSTALL}'
INSTALL_SCRIPT='${INSTALL}'
INSTALL_STRIP_PROGRAM='$(install_sh) -c -s'
LDFLAGS=''
LIBOBJS=''
LIBS=''
LTLIBOBJS=''
MAKEINFO='${SHELL} '\''/home/peter/Desktop/WdSO/zad2/Rozszerzenie/Code2/missing'\'' makeinfo'
MKDIR_P='/usr/bin/mkdir -p'
OBJEXT='o'
PACKAGE='code2'
PACKAGE_BUGREPORT='student@wso.org'
PACKAGE_NAME='Code2'
PACKAGE_STRING='Code2 1.0'
PACKAGE_TARNAME='code2'
PACKAGE_URL=''
PACKAGE_VERSION='1.0'
PATH_SEPARATOR=':'
SET_MAKE=''
SHELL='/bin/bash'
STRIP=''
VERSION='1.0'
ac_ct_CC='gcc'
am__EXEEXT_FALSE=''
am__EXEEXT_TRUE='#'
am__fastdepCC_FALSE='#'
am__fastdepCC_TRUE=''
am__include='include'
am__isrc=''
am__leading_dot='.'
am__nodep='_no'
am__quote=''
am__tar='$${TAR-tar} chof - "$$tardir"'
am__untar='$${TAR-tar} xf -'
bindir='${exec_prefix}/bin'
build_alias=''
datadir='${datarootdir}'
datarootdir='${prefix}/share'
docdir='${datarootdir}/doc/${PACKAGE_TARNAME}'
dvidir='${docdir}'
exec_prefix='${prefix}'
host_alias=''
htmldir='${docdir}'
includedir='${prefix}/include'
infodir='${datarootdir}/info'
install_sh='${SHELL} /home/peter/Desktop/WdSO/zad2/Rozszerzenie/Code2/install-sh'
libdir='${exec_prefix}/lib'
libexecdir='${exec_prefix}/libexec'
localedir='${datarootdir}/locale'
localstatedir='${prefix}/var'
mandir='${datarootdir}/man'
mkdir_p='$(MKDIR_P)'
oldincludedir='/usr/include'
pdfdir='${docdir}'
prefix='/usr/local'
program_transform_name='s,x,x,'
psdir='${docdir}'
runstatedir='${localstatedir}/run'
sbindir='${exec_prefix}/sbin'
sharedstatedir='${prefix}/com'
sysconfdir='${prefix}/etc'
target_alias=''

## ----------- ##
## confdefs.h. ##
## ----------- ##

/* confdefs.h */
#define PACKAGE_NAME "Code2"
#define PACKAGE_TARNAME "code2"
#define PACKAGE_VERSION "1.0"
#define PACKAGE_STRING "Code2 1.0"
#define PACKAGE_BUGREPORT "student@wso.org"
#define PACKAGE_URL ""
#define PACKAGE "code2"
#define VERSION "1.0"
#define HAVE_STDIO_H 1
#define HAVE_STDLIB_H 1
#define HAVE_STRING_H 1
#define HAVE_INTTYPES_H 1
#define HAVE_STDINT_H 1
#define HAVE_STRINGS_H 1
#define HAVE_SYS_STAT_H 1
#define HAVE_SYS_TYPES_H 1
#define HAVE_UNISTD_H 1
#define STDC_HEADERS 1
#define HAVE_STDLIB_H 1

configure: exit 0

## ---------------------- ##
## Running config.status. ##
## ---------------------- ##

This file was extended by Code2 config.status 1.0, which was
generated by GNU Autoconf 2.71.  Invocation command line was

  CONFIG_FILES    = 
  CONFIG_HEADERS  = 
  CONFIG_LINKS    = 
  CONFIG_COMMANDS = 
  $ ./config.status 

on peter-VirtualBox

config.status:763: creating Makefile
config.status:935: executing depfiles commands
config.status:1012: cd .       && sed -e '/# am--include-marker/d' Makefile         | make -f - am--depfiles
make[1]: Entering directory '/home/peter/Desktop/WdSO/zad2/Rozszerzenie/Code2'
make[1]: Nothing to be done for 'am--depfiles'.
make[1]: Leaving directory '/home/peter/Desktop/WdSO/zad2/Rozszerzenie/Code2'
config.status:1017: $? = 0
